Using pre-set license
Built from '2020.3/staging' branch; Version is '2020.3.39f1 (fd6670bb8be9) revision 16606832'; Using compiler version '192528614'; Build Type 'Release'
OS: 'Windows 10  (10.0.19044) 64bit Professional' Language: 'ko' Physical Memory: 32718 MB
BatchMode: 1, IsHumanControllingUs: 0, StartBugReporterOnCrash: 0, Is64bit: 1, IsPro: 0

COMMAND LINE ARGUMENTS:
C:\Program Files\Unity\Hub\Editor\2020.3.39f1\Editor\Unity.exe
-adb2
-batchMode
-noUpm
-name
AssetImportWorker0
-projectPath
C:/Users/navys/Documents/GitHub/AutoBattle/Capstone_AI_0.2
-logFile
Logs/AssetImportWorker0.log
-srvPort
1177
Successfully changed project path to: C:/Users/navys/Documents/GitHub/AutoBattle/Capstone_AI_0.2
C:/Users/navys/Documents/GitHub/AutoBattle/Capstone_AI_0.2
Using Asset Import Pipeline V2.
Refreshing native plugins compatible for Editor in 69.04 ms, found 2 plugins.
Preloading 0 native plugins for Editor in 0.00 ms.
Initialize engine version: 2020.3.39f1 (fd6670bb8be9)
[Subsystems] Discovering subsystems at path C:/Program Files/Unity/Hub/Editor/2020.3.39f1/Editor/Data/Resources/UnitySubsystems
[Subsystems] Discovering subsystems at path C:/Users/navys/Documents/GitHub/AutoBattle/Capstone_AI_0.2/Assets
GfxDevice: creating device client; threaded=0
Direct3D:
    Version:  Direct3D 11.0 [level 11.1]
    Renderer: AMD Radeon RX 6600 XT (ID=0x73ff)
    Vendor:   
    VRAM:     8147 MB
    Driver:   31.0.12027.7000
Initialize mono
Mono path[0] = 'C:/Program Files/Unity/Hub/Editor/2020.3.39f1/Editor/Data/Managed'
Mono path[1] = 'C:/Program Files/Unity/Hub/Editor/2020.3.39f1/Editor/Data/MonoBleedingEdge/lib/mono/unityjit'
Mono config path = 'C:/Program Files/Unity/Hub/Editor/2020.3.39f1/Editor/Data/MonoBleedingEdge/etc'
Using monoOptions --debugger-agent=transport=dt_socket,embedding=1,server=y,suspend=n,address=127.0.0.1:56436
Begin MonoManager ReloadAssembly
Registering precompiled unity dll's ...
Register platform support module: C:/Program Files/Unity/Hub/Editor/2020.3.39f1/Editor/Data/PlaybackEngines/WindowsStandaloneSupport/UnityEditor.WindowsStandalone.Extensions.dll
Registered in 0.001417 seconds.
Native extension for WindowsStandalone target not found
Refreshing native plugins compatible for Editor in 74.72 ms, found 2 plugins.
Preloading 0 native plugins for Editor in 0.00 ms.
Mono: successfully reloaded assembly
- Completed reload, in  0.531 seconds
Domain Reload Profiling:
	ReloadAssembly (532ms)
		BeginReloadAssembly (51ms)
			ExecutionOrderSort (0ms)
			DisableScriptedObjects (0ms)
			BackupInstance (0ms)
			ReleaseScriptingObjects (0ms)
			CreateAndSetChildDomain (1ms)
		EndReloadAssembly (418ms)
			LoadAssemblies (50ms)
			RebuildTransferFunctionScriptingTraits (0ms)
			SetupTypeCache (124ms)
			ReleaseScriptCaches (0ms)
			RebuildScriptCaches (26ms)
			SetupLoadedEditorAssemblies (187ms)
				LogAssemblyErrors (0ms)
				InitializePlatformSupportModulesInManaged (4ms)
				SetLoadedEditorAssemblies (0ms)
				RefreshPlugins (75ms)
				BeforeProcessingInitializeOnLoad (13ms)
				ProcessInitializeOnLoadAttributes (70ms)
				ProcessInitializeOnLoadMethodAttributes (25ms)
				AfterProcessingInitializeOnLoad (0ms)
				EditorAssembliesLoaded (0ms)
			ExecutionOrderSort2 (0ms)
			AwakeInstancesAfterBackupRestoration (0ms)
Platform modules already initialized, skipping
Registering precompiled user dll's ...
Registered in 0.003155 seconds.
Begin MonoManager ReloadAssembly
Native extension for WindowsStandalone target not found
Refreshing native plugins compatible for Editor in 0.76 ms, found 2 plugins.
Preloading 0 native plugins for Editor in 0.00 ms.
Mono: successfully reloaded assembly
- Completed reload, in  0.840 seconds
Domain Reload Profiling:
	ReloadAssembly (841ms)
		BeginReloadAssembly (127ms)
			ExecutionOrderSort (0ms)
			DisableScriptedObjects (4ms)
			BackupInstance (0ms)
			ReleaseScriptingObjects (0ms)
			CreateAndSetChildDomain (16ms)
		EndReloadAssembly (660ms)
			LoadAssemblies (76ms)
			RebuildTransferFunctionScriptingTraits (0ms)
			SetupTypeCache (231ms)
			ReleaseScriptCaches (0ms)
			RebuildScriptCaches (38ms)
			SetupLoadedEditorAssemblies (247ms)
				LogAssemblyErrors (0ms)
				InitializePlatformSupportModulesInManaged (4ms)
				SetLoadedEditorAssemblies (0ms)
				RefreshPlugins (1ms)
				BeforeProcessingInitializeOnLoad (67ms)
				ProcessInitializeOnLoadAttributes (159ms)
				ProcessInitializeOnLoadMethodAttributes (11ms)
				AfterProcessingInitializeOnLoad (4ms)
				EditorAssembliesLoaded (0ms)
			ExecutionOrderSort2 (0ms)
			AwakeInstancesAfterBackupRestoration (2ms)
Platform modules already initialized, skipping
========================================================================
Worker process is ready to serve import requests
Launched and connected shader compiler UnityShaderCompiler.exe after 0.03 seconds
Refreshing native plugins compatible for Editor in 0.82 ms, found 2 plugins.
Preloading 0 native plugins for Editor in 0.00 ms.
Unloading 1645 Unused Serialized files (Serialized files now loaded: 0)
System memory in use before: 88.4 MB.
System memory in use after: 88.4 MB.

Unloading 19 unused Assets to reduce memory usage. Loaded Objects now: 2090.
Total: 2.838300 ms (FindLiveObjects: 0.188100 ms CreateObjectMapping: 0.039900 ms MarkObjects: 2.518100 ms  DeleteObjects: 0.091300 ms)

AssetImportParameters requested are different than current active one (requested -> active):
  custom:framework-win-MediaFoundation: 216162199b28c13a410421893ffa2e32 -> 
  custom:video-decoder-ogg-theora: a1e56fd34408186e4bbccfd4996cb3dc -> 
  custom:container-muxer-webm: aa71ff27fc2769a1b78a27578f13a17b -> 
  custom:container-demuxer-webm: 4f35f7cbe854078d1ac9338744f61a02 -> 
  custom:container-demuxer-ogg: 62fdf1f143b41e24485cea50d1cbac27 -> 
  custom:video-encoder-webm-vp8: eb34c28f22e8b96e1ab97ce403110664 -> 
  custom:video-decoder-webm-vp8: 9c59270c3fd7afecdb556c50c9e8de78 -> 
  custom:audio-decoder-ogg-vorbis: bf7c407c2cedff20999df2af8eb42d56 -> 
  custom:audio-encoder-webm-vorbis: bf7c407c2cedff20999df2af8eb42d56 -> 
========================================================================
Received Import Request.
  path: Assets/ani@ orc atk2.FBX
  artifactKey: Guid(dfa2bd88eb76249409467d83a259ccf3) Importer(815301076,1909f56bfc062723c751e8b465ee728b)
Start importing Assets/ani@ orc atk2.FBX using Guid(dfa2bd88eb76249409467d83a259ccf3) Importer(815301076,1909f56bfc062723c751e8b465ee728b)  -> (artifact id: 'cc4fda1bc034ac38086a0ca186b97f52') in 0.193744 seconds 
========================================================================
Received Prepare
Registering precompiled user dll's ...
Registered in 0.002833 seconds.
Begin MonoManager ReloadAssembly
Native extension for WindowsStandalone target not found
Refreshing native plugins compatible for Editor in 0.81 ms, found 2 plugins.
Preloading 0 native plugins for Editor in 0.00 ms.
Mono: successfully reloaded assembly
- Completed reload, in  4.654 seconds
Domain Reload Profiling:
	ReloadAssembly (4654ms)
		BeginReloadAssembly (2457ms)
			ExecutionOrderSort (0ms)
			DisableScriptedObjects (3ms)
			BackupInstance (0ms)
			ReleaseScriptingObjects (0ms)
			CreateAndSetChildDomain (28ms)
		EndReloadAssembly (2146ms)
			LoadAssemblies (2568ms)
			RebuildTransferFunctionScriptingTraits (0ms)
			SetupTypeCache (940ms)
			ReleaseScriptCaches (1ms)
			RebuildScriptCaches (31ms)
			SetupLoadedEditorAssemblies (896ms)
				LogAssemblyErrors (0ms)
				InitializePlatformSupportModulesInManaged (4ms)
				SetLoadedEditorAssemblies (0ms)
				RefreshPlugins (1ms)
				BeforeProcessingInitializeOnLoad (59ms)
				ProcessInitializeOnLoadAttributes (260ms)
				ProcessInitializeOnLoadMethodAttributes (568ms)
				AfterProcessingInitializeOnLoad (4ms)
				EditorAssembliesLoaded (0ms)
			ExecutionOrderSort2 (0ms)
			AwakeInstancesAfterBackupRestoration (2ms)
Platform modules already initialized, skipping
Refreshing native plugins compatible for Editor in 0.76 ms, found 2 plugins.
Preloading 0 native plugins for Editor in 0.00 ms.
Unloading 1614 Unused Serialized files (Serialized files now loaded: 0)
System memory in use before: 102.4 MB.
System memory in use after: 102.5 MB.

Unloading 15 unused Assets to reduce memory usage. Loaded Objects now: 2105.
Total: 2.542500 ms (FindLiveObjects: 0.132400 ms CreateObjectMapping: 0.040500 ms MarkObjects: 2.304000 ms  DeleteObjects: 0.064900 ms)

AssetImportParameters requested are different than current active one (requested -> active):
  custom:framework-win-MediaFoundation: 216162199b28c13a410421893ffa2e32 -> 
  custom:video-decoder-ogg-theora: a1e56fd34408186e4bbccfd4996cb3dc -> 
  custom:container-muxer-webm: aa71ff27fc2769a1b78a27578f13a17b -> 
  custom:container-demuxer-webm: 4f35f7cbe854078d1ac9338744f61a02 -> 
  custom:container-demuxer-ogg: 62fdf1f143b41e24485cea50d1cbac27 -> 
  custom:video-encoder-webm-vp8: eb34c28f22e8b96e1ab97ce403110664 -> 
  custom:video-decoder-webm-vp8: 9c59270c3fd7afecdb556c50c9e8de78 -> 
  custom:audio-decoder-ogg-vorbis: bf7c407c2cedff20999df2af8eb42d56 -> 
  custom:audio-encoder-webm-vorbis: bf7c407c2cedff20999df2af8eb42d56 -> 
========================================================================
Received Import Request.
  Time since last request: 11992.330201 seconds.
  path: Assets/Fantasy Sounds Bundle
  artifactKey: Guid(1e21eb33ed0b0574f9121b2fa2a612ce) Importer(815301076,1909f56bfc062723c751e8b465ee728b)
Start importing Assets/Fantasy Sounds Bundle using Guid(1e21eb33ed0b0574f9121b2fa2a612ce) Importer(815301076,1909f56bfc062723c751e8b465ee728b)  -> (artifact id: '79b0bb6287ecd03159cb1b5e3a05a945') in 0.007619 seconds 
========================================================================
Received Import Request.
  Time since last request: 1.015338 seconds.
  path: Assets/Fantasy Sounds Bundle/Exclusive Sounds
  artifactKey: Guid(126c8d85bd9da984182731bda1374b99) Importer(815301076,1909f56bfc062723c751e8b465ee728b)
Start importing Assets/Fantasy Sounds Bundle/Exclusive Sounds using Guid(126c8d85bd9da984182731bda1374b99) Importer(815301076,1909f56bfc062723c751e8b465ee728b)  -> (artifact id: '21d4caedf28ce95bfd732de52b841a76') in 0.005352 seconds 
========================================================================
Received Import Request.
  Time since last request: 14.486650 seconds.
  path: Assets/Font/BMJUA_ttf SDF.asset
  artifactKey: Guid(17304e04472a8034ab218bfde166d04f) Importer(815301076,1909f56bfc062723c751e8b465ee728b)
Start importing Assets/Font/BMJUA_ttf SDF.asset using Guid(17304e04472a8034ab218bfde166d04f) Importer(815301076,1909f56bfc062723c751e8b465ee728b)  -> (artifact id: 'ea54c6568a52a07eb0171b76ffa13b9d') in 0.282516 seconds 
========================================================================
Received Import Request.
  Time since last request: 0.000125 seconds.
  path: Assets/Font/BMJUA_ttf.ttf
  artifactKey: Guid(d5fde641c1730a9429cf7265ba68911b) Importer(815301076,1909f56bfc062723c751e8b465ee728b)
Start importing Assets/Font/BMJUA_ttf.ttf using Guid(d5fde641c1730a9429cf7265ba68911b) Importer(815301076,1909f56bfc062723c751e8b465ee728b)  -> (artifact id: 'b54a35e2ab11cb82514ca5ffe68c7c5f') in 0.037167 seconds 
========================================================================
Received Import Request.
  Time since last request: 11.697197 seconds.
  path: Assets/GUI PRO Kit - Fantasy RPG/Prefabs
  artifactKey: Guid(40f56bb24e705455b9a3789dfb47ffd6) Importer(815301076,1909f56bfc062723c751e8b465ee728b)
Start importing Assets/GUI PRO Kit - Fantasy RPG/Prefabs using Guid(40f56bb24e705455b9a3789dfb47ffd6) Importer(815301076,1909f56bfc062723c751e8b465ee728b)  -> (artifact id: 'b67465052837cff03a305ba4e8f93ac1') in 0.005192 seconds 
========================================================================
Received Import Request.
  Time since last request: 1.289149 seconds.
  path: Assets/GUI PRO Kit - Fantasy RPG/Prefabs/Prefabs_Component_Buttons
  artifactKey: Guid(9906f78dd6c6341f783bf01609a0108c) Importer(815301076,1909f56bfc062723c751e8b465ee728b)
Start importing Assets/GUI PRO Kit - Fantasy RPG/Prefabs/Prefabs_Component_Buttons using Guid(9906f78dd6c6341f783bf01609a0108c) Importer(815301076,1909f56bfc062723c751e8b465ee728b)  -> (artifact id: 'dabb6f6df87a6672518e4161f677f20a') in 0.005473 seconds 
========================================================================
Received Import Request.
  Time since last request: 0.047816 seconds.
  path: Assets/GUI PRO Kit - Fantasy RPG/Prefabs/Prefabs_Component_Buttons/_PrefabsPanel_Buttons.prefab
  artifactKey: Guid(5dfe03b1b3eba4fb6b3a5a42015afdc0) Importer(815301076,1909f56bfc062723c751e8b465ee728b)
Start importing Assets/GUI PRO Kit - Fantasy RPG/Prefabs/Prefabs_Component_Buttons/_PrefabsPanel_Buttons.prefab using Guid(5dfe03b1b3eba4fb6b3a5a42015afdc0) Importer(815301076,1909f56bfc062723c751e8b465ee728b)  -> (artifact id: 'ddc1a19d192f5715eb23f291e1990785') in 0.101642 seconds 
========================================================================
Received Import Request.
  Time since last request: 0.000125 seconds.
  path: Assets/GUI PRO Kit - Fantasy RPG/Prefabs/Prefabs_Component_Buttons/Button_Rectangle01_Dim.prefab
  artifactKey: Guid(0eafc1614a0ec4e84994a74cff36db84) Importer(815301076,1909f56bfc062723c751e8b465ee728b)
Start importing Assets/GUI PRO Kit - Fantasy RPG/Prefabs/Prefabs_Component_Buttons/Button_Rectangle01_Dim.prefab using Guid(0eafc1614a0ec4e84994a74cff36db84) Importer(815301076,1909f56bfc062723c751e8b465ee728b)  -> (artifact id: 'a46d63abccbcc8f0d0e7b4f28d6daa3e') in 0.013837 seconds 
========================================================================
Received Import Request.
  Time since last request: 0.000161 seconds.
  path: Assets/GUI PRO Kit - Fantasy RPG/Prefabs/Prefabs_Component_Buttons/Button_Circle01_Red.prefab
  artifactKey: Guid(7014b5a219df84cbd97ef7bd5830de3b) Importer(815301076,1909f56bfc062723c751e8b465ee728b)
Start importing Assets/GUI PRO Kit - Fantasy RPG/Prefabs/Prefabs_Component_Buttons/Button_Circle01_Red.prefab using Guid(7014b5a219df84cbd97ef7bd5830de3b) Importer(815301076,1909f56bfc062723c751e8b465ee728b)  -> (artifact id: 'f1373806703d450c598369e83a05ce8e') in 0.007361 seconds 
========================================================================
Received Import Request.
  Time since last request: 0.000142 seconds.
  path: Assets/GUI PRO Kit - Fantasy RPG/Prefabs/Prefabs_Component_Buttons/Button_Rectangle01_Yellow.prefab
  artifactKey: Guid(9e3dc5478531a44ea9d3d15a9f4f0690) Importer(815301076,1909f56bfc062723c751e8b465ee728b)
Start importing Assets/GUI PRO Kit - Fantasy RPG/Prefabs/Prefabs_Component_Buttons/Button_Rectangle01_Yellow.prefab using Guid(9e3dc5478531a44ea9d3d15a9f4f0690) Importer(815301076,1909f56bfc062723c751e8b465ee728b)  -> (artifact id: '1d63aee7e2f7e0d148b70124fd60b2f1') in 0.011889 seconds 
========================================================================
Received Import Request.
  Time since last request: 0.000199 seconds.
  path: Assets/GUI PRO Kit - Fantasy RPG/Prefabs/Prefabs_Component_Buttons/Button_Rectangle01_Mint.prefab
  artifactKey: Guid(c7f082ce7c2dc40da9fd383bae796e6e) Importer(815301076,1909f56bfc062723c751e8b465ee728b)
Start importing Assets/GUI PRO Kit - Fantasy RPG/Prefabs/Prefabs_Component_Buttons/Button_Rectangle01_Mint.prefab using Guid(c7f082ce7c2dc40da9fd383bae796e6e) Importer(815301076,1909f56bfc062723c751e8b465ee728b)  -> (artifact id: 'df6e5ef52a754cf15724172b07976daa') in 0.011578 seconds 
========================================================================
Received Import Request.
  Time since last request: 0.000190 seconds.
  path: Assets/GUI PRO Kit - Fantasy RPG/Prefabs/Prefabs_Component_Buttons/Button_Rectangle01_Purple.prefab
  artifactKey: Guid(8813307fa2c464baeaa2b0733ac11962) Importer(815301076,1909f56bfc062723c751e8b465ee728b)
Start importing Assets/GUI PRO Kit - Fantasy RPG/Prefabs/Prefabs_Component_Buttons/Button_Rectangle01_Purple.prefab using Guid(8813307fa2c464baeaa2b0733ac11962) Importer(815301076,1909f56bfc062723c751e8b465ee728b)  -> (artifact id: 'a79452f2ff01d5b748fe411d42e9cd6f') in 0.011147 seconds 
========================================================================
Received Import Request.
  Time since last request: 0.000151 seconds.
  path: Assets/GUI PRO Kit - Fantasy RPG/Prefabs/Prefabs_Component_Buttons/Button_Circle01_Blue.prefab
  artifactKey: Guid(1b5c3342956ea4f2391c4e10ce034478) Importer(815301076,1909f56bfc062723c751e8b465ee728b)
Start importing Assets/GUI PRO Kit - Fantasy RPG/Prefabs/Prefabs_Component_Buttons/Button_Circle01_Blue.prefab using Guid(1b5c3342956ea4f2391c4e10ce034478) Importer(815301076,1909f56bfc062723c751e8b465ee728b)  -> (artifact id: 'a7fb2d764b111ef525b0e1d1e190a4c6') in 0.007192 seconds 
========================================================================
Received Import Request.
  Time since last request: 0.000182 seconds.
  path: Assets/GUI PRO Kit - Fantasy RPG/Prefabs/Prefabs_Component_Buttons/Button_Rectangle03_Green.prefab
  artifactKey: Guid(6f457722106534880ba19ad760aa35d2) Importer(815301076,1909f56bfc062723c751e8b465ee728b)
Start importing Assets/GUI PRO Kit - Fantasy RPG/Prefabs/Prefabs_Component_Buttons/Button_Rectangle03_Green.prefab using Guid(6f457722106534880ba19ad760aa35d2) Importer(815301076,1909f56bfc062723c751e8b465ee728b)  -> (artifact id: '74ccf242614bc0bf167b8820274ae347') in 0.011889 seconds 
========================================================================
Received Import Request.
  Time since last request: 0.000161 seconds.
  path: Assets/GUI PRO Kit - Fantasy RPG/Prefabs/Prefabs_Component_Buttons/Button_Rectangle01_Red.prefab
  artifactKey: Guid(bafa083cebd8a44b3a2ea74ef38ae939) Importer(815301076,1909f56bfc062723c751e8b465ee728b)
Start importing Assets/GUI PRO Kit - Fantasy RPG/Prefabs/Prefabs_Component_Buttons/Button_Rectangle01_Red.prefab using Guid(bafa083cebd8a44b3a2ea74ef38ae939) Importer(815301076,1909f56bfc062723c751e8b465ee728b)  -> (artifact id: '7e94e93d9c92b6a80df52076c81529fd') in 0.011783 seconds 
========================================================================
Received Import Request.
  Time since last request: 0.000115 seconds.
  path: Assets/GUI PRO Kit - Fantasy RPG/Prefabs/Prefabs_Component_Buttons/Button_Rectangle01_Dark.prefab
  artifactKey: Guid(272bc530c5144401191ea457c9ac6e36) Importer(815301076,1909f56bfc062723c751e8b465ee728b)
Start importing Assets/GUI PRO Kit - Fantasy RPG/Prefabs/Prefabs_Component_Buttons/Button_Rectangle01_Dark.prefab using Guid(272bc530c5144401191ea457c9ac6e36) Importer(815301076,1909f56bfc062723c751e8b465ee728b)  -> (artifact id: 'db1bbbedab1401dca84dd6e0c8282bab') in 0.011795 seconds 
========================================================================
Received Import Request.
  Time since last request: 0.000125 seconds.
  path: Assets/GUI PRO Kit - Fantasy RPG/Prefabs/Prefabs_Component_Buttons/Button_Rectangle01-Group.prefab
  artifactKey: Guid(7b5346a28de194b5dbfef09d38fed5c6) Importer(815301076,1909f56bfc062723c751e8b465ee728b)
Start importing Assets/GUI PRO Kit - Fantasy RPG/Prefabs/Prefabs_Component_Buttons/Button_Rectangle01-Group.prefab using Guid(7b5346a28de194b5dbfef09d38fed5c6) Importer(815301076,1909f56bfc062723c751e8b465ee728b)  -> (artifact id: '9316aa284533561232ab42ebedc9d1dc') in 0.016716 seconds 
========================================================================
Received Import Request.
  Time since last request: 0.000133 seconds.
  path: Assets/GUI PRO Kit - Fantasy RPG/Prefabs/Prefabs_Component_Buttons/Button_Rectangle02_Blue.prefab
  artifactKey: Guid(d097a1fce7c5a4d80b7c9ffeea14e540) Importer(815301076,1909f56bfc062723c751e8b465ee728b)
Start importing Assets/GUI PRO Kit - Fantasy RPG/Prefabs/Prefabs_Component_Buttons/Button_Rectangle02_Blue.prefab using Guid(d097a1fce7c5a4d80b7c9ffeea14e540) Importer(815301076,1909f56bfc062723c751e8b465ee728b)  -> (artifact id: '092304480194b58e3bf202aac06b2345') in 0.011466 seconds 
========================================================================
Received Import Request.
  Time since last request: 0.000135 seconds.
  path: Assets/GUI PRO Kit - Fantasy RPG/Prefabs/Prefabs_Component_Buttons/Button_Rectangle01_Brown.prefab
  artifactKey: Guid(489c6aee211b44414872f7afdf05d7a5) Importer(815301076,1909f56bfc062723c751e8b465ee728b)
Start importing Assets/GUI PRO Kit - Fantasy RPG/Prefabs/Prefabs_Component_Buttons/Button_Rectangle01_Brown.prefab using Guid(489c6aee211b44414872f7afdf05d7a5) Importer(815301076,1909f56bfc062723c751e8b465ee728b)  -> (artifact id: '13c61d7ef89d1cf97a8090c20c283c4d') in 0.011447 seconds 
========================================================================
Received Import Request.
  Time since last request: 0.000220 seconds.
  path: Assets/GUI PRO Kit - Fantasy RPG/Prefabs/Prefabs_Component_Buttons/Button_Circle02.prefab
  artifactKey: Guid(4522bc66b01214a1190da64aa3348c98) Importer(815301076,1909f56bfc062723c751e8b465ee728b)
Start importing Assets/GUI PRO Kit - Fantasy RPG/Prefabs/Prefabs_Component_Buttons/Button_Circle02.prefab using Guid(4522bc66b01214a1190da64aa3348c98) Importer(815301076,1909f56bfc062723c751e8b465ee728b)  -> (artifact id: '71b3737faf86cc7a87726458c3f4f457') in 0.006712 seconds 
========================================================================
Received Import Request.
  Time since last request: 0.000161 seconds.
  path: Assets/GUI PRO Kit - Fantasy RPG/Prefabs/Prefabs_Component_Buttons/Button_Sqeure01.prefab
  artifactKey: Guid(0767699d167fa4530a0fb52359271ab6) Importer(815301076,1909f56bfc062723c751e8b465ee728b)
Start importing Assets/GUI PRO Kit - Fantasy RPG/Prefabs/Prefabs_Component_Buttons/Button_Sqeure01.prefab using Guid(0767699d167fa4530a0fb52359271ab6) Importer(815301076,1909f56bfc062723c751e8b465ee728b)  -> (artifact id: '489f1de0831380de19a583c513b41479') in 0.020148 seconds 
========================================================================
Received Import Request.
  Time since last request: 0.000133 seconds.
  path: Assets/GUI PRO Kit - Fantasy RPG/Prefabs/Prefabs_Component_Buttons/Button_Rectangle04.prefab
  artifactKey: Guid(f4df4f50c3d39462d88eebbd8e0fbd21) Importer(815301076,1909f56bfc062723c751e8b465ee728b)
Start importing Assets/GUI PRO Kit - Fantasy RPG/Prefabs/Prefabs_Component_Buttons/Button_Rectangle04.prefab using Guid(f4df4f50c3d39462d88eebbd8e0fbd21) Importer(815301076,1909f56bfc062723c751e8b465ee728b)  -> (artifact id: '8678b1157527dec1d0027836e9034a03') in 0.012269 seconds 
========================================================================
Received Import Request.
  Time since last request: 0.000108 seconds.
  path: Assets/GUI PRO Kit - Fantasy RPG/Prefabs/Prefabs_Component_Buttons/Button_Circle01_Purple.prefab
  artifactKey: Guid(87f0c6aa9b85045efb55b6f6ad1df416) Importer(815301076,1909f56bfc062723c751e8b465ee728b)
Start importing Assets/GUI PRO Kit - Fantasy RPG/Prefabs/Prefabs_Component_Buttons/Button_Circle01_Purple.prefab using Guid(87f0c6aa9b85045efb55b6f6ad1df416) Importer(815301076,1909f56bfc062723c751e8b465ee728b)  -> (artifact id: '480d7003c7373b8d4ed14d69ae7d8068') in 0.007716 seconds 
========================================================================
Received Import Request.
  Time since last request: 0.000165 seconds.
  path: Assets/GUI PRO Kit - Fantasy RPG/Prefabs/Prefabs_Component_Buttons/Button_Rectangle01_Gray.prefab
  artifactKey: Guid(018947ce1abc14047b699d7e8fdcf673) Importer(815301076,1909f56bfc062723c751e8b465ee728b)
Start importing Assets/GUI PRO Kit - Fantasy RPG/Prefabs/Prefabs_Component_Buttons/Button_Rectangle01_Gray.prefab using Guid(018947ce1abc14047b699d7e8fdcf673) Importer(815301076,1909f56bfc062723c751e8b465ee728b)  -> (artifact id: '659dafada2301f4bbb82b1cb73d11ed5') in 0.011842 seconds 
========================================================================
Received Import Request.
  Time since last request: 0.000143 seconds.
  path: Assets/GUI PRO Kit - Fantasy RPG/Prefabs/Prefabs_Component_Buttons/Button_Rectangle01_Blue.prefab
  artifactKey: Guid(494d623cffdaf49938f9d0998f25c059) Importer(815301076,1909f56bfc062723c751e8b465ee728b)
Start importing Assets/GUI PRO Kit - Fantasy RPG/Prefabs/Prefabs_Component_Buttons/Button_Rectangle01_Blue.prefab using Guid(494d623cffdaf49938f9d0998f25c059) Importer(815301076,1909f56bfc062723c751e8b465ee728b)  -> (artifact id: '7e26cb7aa2d0bdba589e91b9afd3b838') in 0.012946 seconds 
========================================================================
Received Import Request.
  Time since last request: 0.000116 seconds.
  path: Assets/GUI PRO Kit - Fantasy RPG/Prefabs/Prefabs_Component_Buttons/Button_Rectangle01_White.prefab
  artifactKey: Guid(d1391910418d64ed18f1faeb4b5ab518) Importer(815301076,1909f56bfc062723c751e8b465ee728b)
Start importing Assets/GUI PRO Kit - Fantasy RPG/Prefabs/Prefabs_Component_Buttons/Button_Rectangle01_White.prefab using Guid(d1391910418d64ed18f1faeb4b5ab518) Importer(815301076,1909f56bfc062723c751e8b465ee728b)  -> (artifact id: 'b2618e870656a2e8c5900a39c3e27192') in 0.011645 seconds 
========================================================================
Received Import Request.
  Time since last request: 0.000162 seconds.
  path: Assets/GUI PRO Kit - Fantasy RPG/Prefabs/Prefabs_Component_Buttons/Button_Circle01_Gray.prefab
  artifactKey: Guid(9d89c20d058fc4b1abfb0c4a398836eb) Importer(815301076,1909f56bfc062723c751e8b465ee728b)
Start importing Assets/GUI PRO Kit - Fantasy RPG/Prefabs/Prefabs_Component_Buttons/Button_Circle01_Gray.prefab using Guid(9d89c20d058fc4b1abfb0c4a398836eb) Importer(815301076,1909f56bfc062723c751e8b465ee728b)  -> (artifact id: '01b5af208c7295232d51b940ee5452eb') in 0.008305 seconds 
========================================================================
Received Import Request.
  Time since last request: 0.000187 seconds.
  path: Assets/GUI PRO Kit - Fantasy RPG/Prefabs/Prefabs_Component_Buttons/Button_Circle01-Group.prefab
  artifactKey: Guid(c1416f6d45d65495c864f7bd344f39ae) Importer(815301076,1909f56bfc062723c751e8b465ee728b)
Start importing Assets/GUI PRO Kit - Fantasy RPG/Prefabs/Prefabs_Component_Buttons/Button_Circle01-Group.prefab using Guid(c1416f6d45d65495c864f7bd344f39ae) Importer(815301076,1909f56bfc062723c751e8b465ee728b)  -> (artifact id: '5a2762fcac731cca9782fd69ea0e7e59') in 0.009524 seconds 
========================================================================
Received Import Request.
  Time since last request: 0.000197 seconds.
  path: Assets/GUI PRO Kit - Fantasy RPG/Prefabs/Prefabs_Component_Buttons/Button_Circle01_Green.prefab
  artifactKey: Guid(abc2d5e23e86f4587b4e10b38c668f34) Importer(815301076,1909f56bfc062723c751e8b465ee728b)
Start importing Assets/GUI PRO Kit - Fantasy RPG/Prefabs/Prefabs_Component_Buttons/Button_Circle01_Green.prefab using Guid(abc2d5e23e86f4587b4e10b38c668f34) Importer(815301076,1909f56bfc062723c751e8b465ee728b)  -> (artifact id: '133a290ea519040f84d5ba7188745448') in 0.007812 seconds 
========================================================================
Received Import Request.
  Time since last request: 0.000194 seconds.
  path: Assets/GUI PRO Kit - Fantasy RPG/Prefabs/Prefabs_Component_Buttons/Button_Rectangle01_Green.prefab
  artifactKey: Guid(ce66926fbee764449a9784a32e1d5033) Importer(815301076,1909f56bfc062723c751e8b465ee728b)
Start importing Assets/GUI PRO Kit - Fantasy RPG/Prefabs/Prefabs_Component_Buttons/Button_Rectangle01_Green.prefab using Guid(ce66926fbee764449a9784a32e1d5033) Importer(815301076,1909f56bfc062723c751e8b465ee728b)  -> (artifact id: 'b5b8f7a7559752a4db7ddbc19ac33533') in 0.012139 seconds 
========================================================================
Received Import Request.
  Time since last request: 0.000127 seconds.
  path: Assets/GUI PRO Kit - Fantasy RPG/Prefabs/Prefabs_Component_Buttons/Button_Rectangle01_BlueGray.prefab
  artifactKey: Guid(9769f05840cde480fa6bf1bd95e703e4) Importer(815301076,1909f56bfc062723c751e8b465ee728b)
Start importing Assets/GUI PRO Kit - Fantasy RPG/Prefabs/Prefabs_Component_Buttons/Button_Rectangle01_BlueGray.prefab using Guid(9769f05840cde480fa6bf1bd95e703e4) Importer(815301076,1909f56bfc062723c751e8b465ee728b)  -> (artifact id: 'b043bb80f53f185ac7eea3a57c13bed0') in 0.011655 seconds 
========================================================================
Received Import Request.
  Time since last request: 9.247029 seconds.
  path: Assets/GUI PRO Kit - Fantasy RPG/Preview
  artifactKey: Guid(ac0a29ef7a5de41d7b588403d0b483e5) Importer(815301076,1909f56bfc062723c751e8b465ee728b)
Start importing Assets/GUI PRO Kit - Fantasy RPG/Preview using Guid(ac0a29ef7a5de41d7b588403d0b483e5) Importer(815301076,1909f56bfc062723c751e8b465ee728b)  -> (artifact id: '18dc1f180d0f2cd19d452240273346be') in 0.005159 seconds 
========================================================================
Received Import Request.
  Time since last request: 0.033385 seconds.
  path: Assets/GUI PRO Kit - Fantasy RPG/Preview/00_1_Buttons.png
  artifactKey: Guid(a1d5595c064c14cb8b81227d0387b9a8) Importer(815301076,1909f56bfc062723c751e8b465ee728b)
Start importing Assets/GUI PRO Kit - Fantasy RPG/Preview/00_1_Buttons.png using Guid(a1d5595c064c14cb8b81227d0387b9a8) Importer(815301076,1909f56bfc062723c751e8b465ee728b)  -> (artifact id: '3f57dbde9f78083b286268523128b09d') in 0.057080 seconds 
========================================================================
Received Import Request.
  Time since last request: 0.000127 seconds.
  path: Assets/GUI PRO Kit - Fantasy RPG/Preview/62_LevelUp.png
  artifactKey: Guid(a7f13c0bd926d480d805373fc9e7e72b) Importer(815301076,1909f56bfc062723c751e8b465ee728b)
Start importing Assets/GUI PRO Kit - Fantasy RPG/Preview/62_LevelUp.png using Guid(a7f13c0bd926d480d805373fc9e7e72b) Importer(815301076,1909f56bfc062723c751e8b465ee728b)  -> (artifact id: 'dcc2ed829679b5ca47161e00c0ca5bcf') in 0.018358 seconds 
========================================================================
Received Import Request.
  Time since last request: 0.000146 seconds.
  path: Assets/GUI PRO Kit - Fantasy RPG/Preview/10_ADRemove.png
  artifactKey: Guid(28a3d43798dbf4e209028c682d351337) Importer(815301076,1909f56bfc062723c751e8b465ee728b)
Start importing Assets/GUI PRO Kit - Fantasy RPG/Preview/10_ADRemove.png using Guid(28a3d43798dbf4e209028c682d351337) Importer(815301076,1909f56bfc062723c751e8b465ee728b)  -> (artifact id: 'f41632bbaa69ea720620fc482379ae25') in 0.021091 seconds 
========================================================================
Received Import Request.
  Time since last request: 0.000160 seconds.
  path: Assets/GUI PRO Kit - Fantasy RPG/Preview/33_EquipmentDetail3.png
  artifactKey: Guid(4baef5a86314f49ad8777d6ec732c957) Importer(815301076,1909f56bfc062723c751e8b465ee728b)
Start importing Assets/GUI PRO Kit - Fantasy RPG/Preview/33_EquipmentDetail3.png using Guid(4baef5a86314f49ad8777d6ec732c957) Importer(815301076,1909f56bfc062723c751e8b465ee728b)  -> (artifact id: '96ac778cc0c03808b3cc879713e7ca1d') in 0.012399 seconds 
========================================================================
Received Import Request.
  Time since last request: 0.000197 seconds.
  path: Assets/GUI PRO Kit - Fantasy RPG/Preview/20_PlayType3.png
  artifactKey: Guid(003aabae4bb354a22a55ca7309eaf72b) Importer(815301076,1909f56bfc062723c751e8b465ee728b)
Start importing Assets/GUI PRO Kit - Fantasy RPG/Preview/20_PlayType3.png using Guid(003aabae4bb354a22a55ca7309eaf72b) Importer(815301076,1909f56bfc062723c751e8b465ee728b)  -> (artifact id: '4b0af6828d3579b0384a39bbb0aafd68') in 0.013624 seconds 
========================================================================
Received Import Request.
  Time since last request: 0.000172 seconds.
  path: Assets/GUI PRO Kit - Fantasy RPG/Preview/46_BattlePass.png
  artifactKey: Guid(3e589fe72fc1a4b4c87c6e1b53f4a71d) Importer(815301076,1909f56bfc062723c751e8b465ee728b)
Start importing Assets/GUI PRO Kit - Fantasy RPG/Preview/46_BattlePass.png using Guid(3e589fe72fc1a4b4c87c6e1b53f4a71d) Importer(815301076,1909f56bfc062723c751e8b465ee728b)  -> (artifact id: '2f51e5a1cc6835a5df6560db148bddff') in 0.016545 seconds 
========================================================================
Received Import Request.
  Time since last request: 0.000131 seconds.
  path: Assets/GUI PRO Kit - Fantasy RPG/Preview/32_Heroes.png
  artifactKey: Guid(d5777db91e6fc417bb3ef43c10bfa254) Importer(815301076,1909f56bfc062723c751e8b465ee728b)
Start importing Assets/GUI PRO Kit - Fantasy RPG/Preview/32_Heroes.png using Guid(d5777db91e6fc417bb3ef43c10bfa254) Importer(815301076,1909f56bfc062723c751e8b465ee728b)  -> (artifact id: '4fab5529bea117b0c67658082d7605e9') in 0.012690 seconds 
========================================================================
Received Import Request.
  Time since last request: 0.000165 seconds.
  path: Assets/GUI PRO Kit - Fantasy RPG/Preview/04_NetworkError.png
  artifactKey: Guid(7ed8b2284b80f443eab5d47547e853c3) Importer(815301076,1909f56bfc062723c751e8b465ee728b)
Start importing Assets/GUI PRO Kit - Fantasy RPG/Preview/04_NetworkError.png using Guid(7ed8b2284b80f443eab5d47547e853c3) Importer(815301076,1909f56bfc062723c751e8b465ee728b)  -> (artifact id: 'f6f27ae3b671b4731930a36275230081') in 0.015641 seconds 
========================================================================
Received Import Request.
  Time since last request: 0.000106 seconds.
  path: Assets/GUI PRO Kit - Fantasy RPG/Preview/30_Tutorial.png
  artifactKey: Guid(2d8ea2427714c414daa49d284212a956) Importer(815301076,1909f56bfc062723c751e8b465ee728b)
Start importing Assets/GUI PRO Kit - Fantasy RPG/Preview/30_Tutorial.png using Guid(2d8ea2427714c414daa49d284212a956) Importer(815301076,1909f56bfc062723c751e8b465ee728b)  -> (artifact id: 'e938c3523cbc2184daee6714df0d2f77') in 0.012065 seconds 
========================================================================
Received Import Request.
  Time since last request: 0.000215 seconds.
  path: Assets/GUI PRO Kit - Fantasy RPG/Preview/22_PlayContinue.png
  artifactKey: Guid(d44313b3172494a9994a462fa59dc470) Importer(815301076,1909f56bfc062723c751e8b465ee728b)
Start importing Assets/GUI PRO Kit - Fantasy RPG/Preview/22_PlayContinue.png using Guid(d44313b3172494a9994a462fa59dc470) Importer(815301076,1909f56bfc062723c751e8b465ee728b)  -> (artifact id: '59090af75a0a6abe80ddc507873b4a03') in 0.020797 seconds 
========================================================================
Received Import Request.
  Time since last request: 0.000166 seconds.
  path: Assets/GUI PRO Kit - Fantasy RPG/Preview/43_Shop_Chest.png
  artifactKey: Guid(64c87cea42e754b91adabba3b036a20c) Importer(815301076,1909f56bfc062723c751e8b465ee728b)
Start importing Assets/GUI PRO Kit - Fantasy RPG/Preview/43_Shop_Chest.png using Guid(64c87cea42e754b91adabba3b036a20c) Importer(815301076,1909f56bfc062723c751e8b465ee728b)  -> (artifact id: 'eedbf088c43da53193cf30a64719130a') in 0.055227 seconds 
========================================================================
Received Import Request.
  Time since last request: 0.000131 seconds.
  path: Assets/GUI PRO Kit - Fantasy RPG/Preview/00_5_Guild_Flag.png
  artifactKey: Guid(91fbc88c254764131b4c69eebbb96944) Importer(815301076,1909f56bfc062723c751e8b465ee728b)
Start importing Assets/GUI PRO Kit - Fantasy RPG/Preview/00_5_Guild_Flag.png using Guid(91fbc88c254764131b4c69eebbb96944) Importer(815301076,1909f56bfc062723c751e8b465ee728b)  -> (artifact id: '4df29d13544f84d7848320fc54be930b') in 0.012502 seconds 
========================================================================
Received Import Request.
  Time since last request: 0.000111 seconds.
  path: Assets/GUI PRO Kit - Fantasy RPG/Preview/47_Missions.png
  artifactKey: Guid(1e6ed8985e17e4e4db86229f121e0b5c) Importer(815301076,1909f56bfc062723c751e8b465ee728b)
Start importing Assets/GUI PRO Kit - Fantasy RPG/Preview/47_Missions.png using Guid(1e6ed8985e17e4e4db86229f121e0b5c) Importer(815301076,1909f56bfc062723c751e8b465ee728b)  -> (artifact id: '20428e62284158ebe00a051ff3102aa4') in 0.027041 seconds 
========================================================================
Received Import Request.
  Time since last request: 0.000122 seconds.
  path: Assets/GUI PRO Kit - Fantasy RPG/Preview/06_PopupLogin.png
  artifactKey: Guid(0b0d5dd9a018f4751b2ad1b7bbd09221) Importer(815301076,1909f56bfc062723c751e8b465ee728b)
Start importing Assets/GUI PRO Kit - Fantasy RPG/Preview/06_PopupLogin.png using Guid(0b0d5dd9a018f4751b2ad1b7bbd09221) Importer(815301076,1909f56bfc062723c751e8b465ee728b)  -> (artifact id: '13b8cbd1d997256c364ac0923d244d8c') in 0.017674 seconds 
========================================================================
Received Import Request.
  Time since last request: 0.000132 seconds.
  path: Assets/GUI PRO Kit - Fantasy RPG/Preview/48_Guild.png
  artifactKey: Guid(12cfe84cfbdaf440c9fa70ea31843010) Importer(815301076,1909f56bfc062723c751e8b465ee728b)
Start importing Assets/GUI PRO Kit - Fantasy RPG/Preview/48_Guild.png using Guid(12cfe84cfbdaf440c9fa70ea31843010) Importer(815301076,1909f56bfc062723c751e8b465ee728b)  -> (artifact id: '5a64d0f96f629134d1e4010fda9bab7d') in 0.016076 seconds 
========================================================================
Received Import Request.
  Time since last request: 0.000144 seconds.
  path: Assets/GUI PRO Kit - Fantasy RPG/Preview/00_4_Icons1.png
  artifactKey: Guid(42531edbad3de47be8a622e646496bbc) Importer(815301076,1909f56bfc062723c751e8b465ee728b)
Start importing Assets/GUI PRO Kit - Fantasy RPG/Preview/00_4_Icons1.png using Guid(42531edbad3de47be8a622e646496bbc) Importer(815301076,1909f56bfc062723c751e8b465ee728b)  -> (artifact id: 'b58af1ddff270e0a2321869632c1c4aa') in 0.017282 seconds 
========================================================================
Received Import Request.
  Time since last request: 0.000119 seconds.
  path: Assets/GUI PRO Kit - Fantasy RPG/Preview/12_PopupEUALPrivacy.png
  artifactKey: Guid(40bc07e1541974091b75d2396d44ae8e) Importer(815301076,1909f56bfc062723c751e8b465ee728b)
Start importing Assets/GUI PRO Kit - Fantasy RPG/Preview/12_PopupEUALPrivacy.png using Guid(40bc07e1541974091b75d2396d44ae8e) Importer(815301076,1909f56bfc062723c751e8b465ee728b)  -> (artifact id: 'da4b180f75ce2a5ccf2c8728687d01a2') in 0.015859 seconds 
========================================================================
Received Import Request.
  Time since last request: 0.000120 seconds.
  path: Assets/GUI PRO Kit - Fantasy RPG/Preview/07_PopupSignup.png
  artifactKey: Guid(25744efa0a8e1425b9fab6aa72921302) Importer(815301076,1909f56bfc062723c751e8b465ee728b)
Start importing Assets/GUI PRO Kit - Fantasy RPG/Preview/07_PopupSignup.png using Guid(25744efa0a8e1425b9fab6aa72921302) Importer(815301076,1909f56bfc062723c751e8b465ee728b)  -> (artifact id: '34766d0f7040752d32b2cc8ae98a1c51') in 0.021065 seconds 
========================================================================
Received Import Request.
  Time since last request: 0.000111 seconds.
  path: Assets/GUI PRO Kit - Fantasy RPG/Preview/00_4_Icons2.png
  artifactKey: Guid(33a5d1ed735b5406db92bd7c5c792a80) Importer(815301076,1909f56bfc062723c751e8b465ee728b)
Start importing Assets/GUI PRO Kit - Fantasy RPG/Preview/00_4_Icons2.png using Guid(33a5d1ed735b5406db92bd7c5c792a80) Importer(815301076,1909f56bfc062723c751e8b465ee728b)  -> (artifact id: '53735d6c30e9fa5a6c3ca98a436cdd8f') in 0.012740 seconds 
========================================================================
Received Import Request.
  Time since last request: 0.000201 seconds.
  path: Assets/GUI PRO Kit - Fantasy RPG/Preview/01_Login.png
  artifactKey: Guid(47770121e8fb34ee8a442a55abc45e84) Importer(815301076,1909f56bfc062723c751e8b465ee728b)
Start importing Assets/GUI PRO Kit - Fantasy RPG/Preview/01_Login.png using Guid(47770121e8fb34ee8a442a55abc45e84) Importer(815301076,1909f56bfc062723c751e8b465ee728b)  -> (artifact id: 'e78403cc338db3194660188020681828') in 0.013718 seconds 
========================================================================
Received Import Request.
  Time since last request: 0.000121 seconds.
  path: Assets/GUI PRO Kit - Fantasy RPG/Preview/33_Equipment.png
  artifactKey: Guid(c9edab67bbc114bf5945753c219d3af7) Importer(815301076,1909f56bfc062723c751e8b465ee728b)
Start importing Assets/GUI PRO Kit - Fantasy RPG/Preview/33_Equipment.png using Guid(c9edab67bbc114bf5945753c219d3af7) Importer(815301076,1909f56bfc062723c751e8b465ee728b)  -> (artifact id: '3e5ff397c7ed6e722baba74ab12c9e27') in 0.017050 seconds 
========================================================================
Received Import Request.
  Time since last request: 0.000153 seconds.
  path: Assets/GUI PRO Kit - Fantasy RPG/Preview/61_LoadingBar.png
  artifactKey: Guid(2a14a93c154f34204b4b4844424361e9) Importer(815301076,1909f56bfc062723c751e8b465ee728b)
Start importing Assets/GUI PRO Kit - Fantasy RPG/Preview/61_LoadingBar.png using Guid(2a14a93c154f34204b4b4844424361e9) Importer(815301076,1909f56bfc062723c751e8b465ee728b)  -> (artifact id: '545c46ab6c063651bbdad5a119421113') in 0.015511 seconds 
========================================================================
Received Import Request.
  Time since last request: 0.000109 seconds.
  path: Assets/GUI PRO Kit - Fantasy RPG/Preview/09_PopupName.png
  artifactKey: Guid(987aff0542d044f7195e1c98604e664b) Importer(815301076,1909f56bfc062723c751e8b465ee728b)
Start importing Assets/GUI PRO Kit - Fantasy RPG/Preview/09_PopupName.png using Guid(987aff0542d044f7195e1c98604e664b) Importer(815301076,1909f56bfc062723c751e8b465ee728b)  -> (artifact id: '95243760946720b518a90b535843e123') in 0.012343 seconds 
========================================================================
Received Import Request.
  Time since last request: 0.000172 seconds.
  path: Assets/GUI PRO Kit - Fantasy RPG/Preview/08_PopupOffline.png
  artifactKey: Guid(24cbf936a2cfd439396dc1d090b614a0) Importer(815301076,1909f56bfc062723c751e8b465ee728b)
Start importing Assets/GUI PRO Kit - Fantasy RPG/Preview/08_PopupOffline.png using Guid(24cbf936a2cfd439396dc1d090b614a0) Importer(815301076,1909f56bfc062723c751e8b465ee728b)  -> (artifact id: '33a8ffcedd0719e9cfa99f1468da182e') in 0.015219 seconds 
========================================================================
Received Import Request.
  Time since last request: 0.000125 seconds.
  path: Assets/GUI PRO Kit - Fantasy RPG/Preview/02_Title.png
  artifactKey: Guid(d77921d9b13824a1eac5a1706afe413b) Importer(815301076,1909f56bfc062723c751e8b465ee728b)
Start importing Assets/GUI PRO Kit - Fantasy RPG/Preview/02_Title.png using Guid(d77921d9b13824a1eac5a1706afe413b) Importer(815301076,1909f56bfc062723c751e8b465ee728b)  -> (artifact id: '680c8b587ecd0c83990d3d513dc2c883') in 0.020757 seconds 
========================================================================
Received Import Request.
  Time since last request: 0.000147 seconds.
  path: Assets/GUI PRO Kit - Fantasy RPG/Preview/13_PopupUpdate.png
  artifactKey: Guid(175189dc68b004827998cb37a287f348) Importer(815301076,1909f56bfc062723c751e8b465ee728b)
Start importing Assets/GUI PRO Kit - Fantasy RPG/Preview/13_PopupUpdate.png using Guid(175189dc68b004827998cb37a287f348) Importer(815301076,1909f56bfc062723c751e8b465ee728b)  -> (artifact id: '32656cdd1d0558d0409accd72370f59f') in 0.020301 seconds 
========================================================================
Received Import Request.
  Time since last request: 0.000131 seconds.
  path: Assets/GUI PRO Kit - Fantasy RPG/Preview/44_Shop_Gold.png
  artifactKey: Guid(afabf3d3ed61c4d6b99f901b13b69033) Importer(815301076,1909f56bfc062723c751e8b465ee728b)
Start importing Assets/GUI PRO Kit - Fantasy RPG/Preview/44_Shop_Gold.png using Guid(afabf3d3ed61c4d6b99f901b13b69033) Importer(815301076,1909f56bfc062723c751e8b465ee728b)  -> (artifact id: '635cbffcfdbf69bd197ca1bf3e5222fa') in 0.044396 seconds 
========================================================================
Received Import Request.
  Time since last request: 0.000145 seconds.
  path: Assets/GUI PRO Kit - Fantasy RPG/Preview/24_PlayResult.png
  artifactKey: Guid(5fd08e023cf61499186a846d85d062fc) Importer(815301076,1909f56bfc062723c751e8b465ee728b)
Start importing Assets/GUI PRO Kit - Fantasy RPG/Preview/24_PlayResult.png using Guid(5fd08e023cf61499186a846d85d062fc) Importer(815301076,1909f56bfc062723c751e8b465ee728b)  -> (artifact id: 'b47baff8bb328834b1f20c2617c5f41f') in 0.016024 seconds 
========================================================================
Received Import Request.
  Time since last request: 0.000141 seconds.
  path: Assets/GUI PRO Kit - Fantasy RPG/Preview/65_RewardWeek.png
  artifactKey: Guid(35d79d203bf3943c2b184f9727f37ef5) Importer(815301076,1909f56bfc062723c751e8b465ee728b)
Start importing Assets/GUI PRO Kit - Fantasy RPG/Preview/65_RewardWeek.png using Guid(35d79d203bf3943c2b184f9727f37ef5) Importer(815301076,1909f56bfc062723c751e8b465ee728b)  -> (artifact id: '455acf248eda8901527c6c09aca38c46') in 0.023449 seconds 
========================================================================
Received Import Request.
  Time since last request: 0.000114 seconds.
  path: Assets/GUI PRO Kit - Fantasy RPG/Preview/11_PopupChecking.png
  artifactKey: Guid(6ded837ca93814cad91c94b855f821e4) Importer(815301076,1909f56bfc062723c751e8b465ee728b)
Start importing Assets/GUI PRO Kit - Fantasy RPG/Preview/11_PopupChecking.png using Guid(6ded837ca93814cad91c94b855f821e4) Importer(815301076,1909f56bfc062723c751e8b465ee728b)  -> (artifact id: '03e56bb2797c14cebe51cc2af3941eee') in 0.021878 seconds 
========================================================================
Received Import Request.
  Time since last request: 0.000176 seconds.
  path: Assets/GUI PRO Kit - Fantasy RPG/Preview/60_PowerSave.png
  artifactKey: Guid(0363ab180bce34b5798bcb349f46e74d) Importer(815301076,1909f56bfc062723c751e8b465ee728b)
Start importing Assets/GUI PRO Kit - Fantasy RPG/Preview/60_PowerSave.png using Guid(0363ab180bce34b5798bcb349f46e74d) Importer(815301076,1909f56bfc062723c751e8b465ee728b)  -> (artifact id: 'd979268ac41334470cba21c31c3d8efe') in 0.019832 seconds 
========================================================================
Received Import Request.
  Time since last request: 0.000140 seconds.
  path: Assets/GUI PRO Kit - Fantasy RPG/Preview/33_EquipmentDetail1.png
  artifactKey: Guid(a7e461fa722d14b6192116a5faf36d1f) Importer(815301076,1909f56bfc062723c751e8b465ee728b)
Start importing Assets/GUI PRO Kit - Fantasy RPG/Preview/33_EquipmentDetail1.png using Guid(a7e461fa722d14b6192116a5faf36d1f) Importer(815301076,1909f56bfc062723c751e8b465ee728b)  -> (artifact id: 'e68f9bbabe4ee9828f7bd2a1b5b8d036') in 0.012505 seconds 
========================================================================
Received Import Request.
  Time since last request: 0.000163 seconds.
  path: Assets/GUI PRO Kit - Fantasy RPG/Preview/23_PlayPause.png
  artifactKey: Guid(c596883006c014de8b43390b8731d8f7) Importer(815301076,1909f56bfc062723c751e8b465ee728b)
Start importing Assets/GUI PRO Kit - Fantasy RPG/Preview/23_PlayPause.png using Guid(c596883006c014de8b43390b8731d8f7) Importer(815301076,1909f56bfc062723c751e8b465ee728b)  -> (artifact id: '455ef6ab0b3361da23433aec3ebce824') in 0.012661 seconds 
========================================================================
Received Import Request.
  Time since last request: 0.000162 seconds.
  path: Assets/GUI PRO Kit - Fantasy RPG/Preview/00_4_EquipmentIcons.png
  artifactKey: Guid(fa2a8132c089840efbd82d1d7b7f261a) Importer(815301076,1909f56bfc062723c751e8b465ee728b)
Start importing Assets/GUI PRO Kit - Fantasy RPG/Preview/00_4_EquipmentIcons.png using Guid(fa2a8132c089840efbd82d1d7b7f261a) Importer(815301076,1909f56bfc062723c751e8b465ee728b)  -> (artifact id: '037d26cfef69d1d734fd036d3261f924') in 0.015848 seconds 
========================================================================
Received Import Request.
  Time since last request: 0.000156 seconds.
  path: Assets/GUI PRO Kit - Fantasy RPG/Preview/00_2_Component.png
  artifactKey: Guid(0ed5a1b62bf89468fb81aab9d5670a30) Importer(815301076,1909f56bfc062723c751e8b465ee728b)
Start importing Assets/GUI PRO Kit - Fantasy RPG/Preview/00_2_Component.png using Guid(0ed5a1b62bf89468fb81aab9d5670a30) Importer(815301076,1909f56bfc062723c751e8b465ee728b)  -> (artifact id: 'faf449eefe0072d13398cec0336200de') in 0.022801 seconds 
========================================================================
Received Import Request.
  Time since last request: 0.000123 seconds.
  path: Assets/GUI PRO Kit - Fantasy RPG/Preview/40_Stage.png
  artifactKey: Guid(a27554b8220ca43a8be61b29af30d4a2) Importer(815301076,1909f56bfc062723c751e8b465ee728b)
Start importing Assets/GUI PRO Kit - Fantasy RPG/Preview/40_Stage.png using Guid(a27554b8220ca43a8be61b29af30d4a2) Importer(815301076,1909f56bfc062723c751e8b465ee728b)  -> (artifact id: 'eabc6256e0c3e27f70ba58cc46e6ecb0') in 0.012410 seconds 
========================================================================
Received Import Request.
  Time since last request: 0.000138 seconds.
  path: Assets/GUI PRO Kit - Fantasy RPG/Preview/20_PlayType2.png
  artifactKey: Guid(24d175948750d430ca29060824bcbcd0) Importer(815301076,1909f56bfc062723c751e8b465ee728b)
Start importing Assets/GUI PRO Kit - Fantasy RPG/Preview/20_PlayType2.png using Guid(24d175948750d430ca29060824bcbcd0) Importer(815301076,1909f56bfc062723c751e8b465ee728b)  -> (artifact id: 'b6048dd8e1dc8b651f309c0c67187efa') in 0.021746 seconds 
========================================================================
Received Import Request.
  Time since last request: 0.000145 seconds.
  path: Assets/GUI PRO Kit - Fantasy RPG/Preview/21_PlayBoss.png
  artifactKey: Guid(f783aab01887c4204837d89a235587cd) Importer(815301076,1909f56bfc062723c751e8b465ee728b)
Start importing Assets/GUI PRO Kit - Fantasy RPG/Preview/21_PlayBoss.png using Guid(f783aab01887c4204837d89a235587cd) Importer(815301076,1909f56bfc062723c751e8b465ee728b)  -> (artifact id: 'ddfd61e2f8b4133ad08d5bde4bedb4eb') in 0.021517 seconds 
========================================================================
Received Import Request.
  Time since last request: 0.000129 seconds.
  path: Assets/GUI PRO Kit - Fantasy RPG/Preview/05_Home.png
  artifactKey: Guid(382f8ac5faeec4459b28227dce2a1019) Importer(815301076,1909f56bfc062723c751e8b465ee728b)
Start importing Assets/GUI PRO Kit - Fantasy RPG/Preview/05_Home.png using Guid(382f8ac5faeec4459b28227dce2a1019) Importer(815301076,1909f56bfc062723c751e8b465ee728b)  -> (artifact id: '7aeac1866d9d0df5ff2fa455aae2ced1') in 0.016672 seconds 
========================================================================
Received Import Request.
  Time since last request: 0.000151 seconds.
  path: Assets/GUI PRO Kit - Fantasy RPG/Preview/20_PlayType1.png
  artifactKey: Guid(32da4a037632d4d679d4530a7c812d97) Importer(815301076,1909f56bfc062723c751e8b465ee728b)
Start importing Assets/GUI PRO Kit - Fantasy RPG/Preview/20_PlayType1.png using Guid(32da4a037632d4d679d4530a7c812d97) Importer(815301076,1909f56bfc062723c751e8b465ee728b)  -> (artifact id: 'fc25a5d6d7ddfa4150f0808af3ff7e8e') in 0.016722 seconds 
========================================================================
Received Import Request.
  Time since last request: 0.000143 seconds.
  path: Assets/GUI PRO Kit - Fantasy RPG/Preview/00_6_Chest.png
  artifactKey: Guid(23e21d02912ce42708d4471836181a73) Importer(815301076,1909f56bfc062723c751e8b465ee728b)
Start importing Assets/GUI PRO Kit - Fantasy RPG/Preview/00_6_Chest.png using Guid(23e21d02912ce42708d4471836181a73) Importer(815301076,1909f56bfc062723c751e8b465ee728b)  -> (artifact id: 'd901144ffa54224aac13299e421df6fa') in 0.013364 seconds 
========================================================================
Received Import Request.
  Time since last request: 0.000124 seconds.
  path: Assets/GUI PRO Kit - Fantasy RPG/Preview/34_GuideBook.png
  artifactKey: Guid(3e8a161cf47614534a3aefe4f370e2a1) Importer(815301076,1909f56bfc062723c751e8b465ee728b)
Start importing Assets/GUI PRO Kit - Fantasy RPG/Preview/34_GuideBook.png using Guid(3e8a161cf47614534a3aefe4f370e2a1) Importer(815301076,1909f56bfc062723c751e8b465ee728b)  -> (artifact id: '783b9661634f38dac93291ecaee516e0') in 0.013441 seconds 
========================================================================
Received Import Request.
  Time since last request: 0.000147 seconds.
  path: Assets/GUI PRO Kit - Fantasy RPG/Preview/42_Language.png
  artifactKey: Guid(d0ac9674ee8ff4f639649e8ff129869f) Importer(815301076,1909f56bfc062723c751e8b465ee728b)
Start importing Assets/GUI PRO Kit - Fantasy RPG/Preview/42_Language.png using Guid(d0ac9674ee8ff4f639649e8ff129869f) Importer(815301076,1909f56bfc062723c751e8b465ee728b)  -> (artifact id: '4e9876a8fcbeead6c87feac0c13d2b26') in 0.012739 seconds 
========================================================================
Received Import Request.
  Time since last request: 0.000134 seconds.
  path: Assets/GUI PRO Kit - Fantasy RPG/Preview/63_Rate.png
  artifactKey: Guid(3a4de6efdb29e484e833285e5613a165) Importer(815301076,1909f56bfc062723c751e8b465ee728b)
Start importing Assets/GUI PRO Kit - Fantasy RPG/Preview/63_Rate.png using Guid(3a4de6efdb29e484e833285e5613a165) Importer(815301076,1909f56bfc062723c751e8b465ee728b)  -> (artifact id: 'efd0d22ef1ce991f0e1a0f2aa6c8dc96') in 0.021530 seconds 
========================================================================
Received Import Request.
  Time since last request: 0.000124 seconds.
  path: Assets/GUI PRO Kit - Fantasy RPG/Preview/41_Setting.png
  artifactKey: Guid(77b5f4c410d0f4daf802eeea2b9ecd83) Importer(815301076,1909f56bfc062723c751e8b465ee728b)
Start importing Assets/GUI PRO Kit - Fantasy RPG/Preview/41_Setting.png using Guid(77b5f4c410d0f4daf802eeea2b9ecd83) Importer(815301076,1909f56bfc062723c751e8b465ee728b)  -> (artifact id: 'f1280e0dd3bba3f298578a48228df121') in 0.012710 seconds 
========================================================================
Received Import Request.
  Time since last request: 0.000170 seconds.
  path: Assets/GUI PRO Kit - Fantasy RPG/Preview/50_Ranking.png
  artifactKey: Guid(5896cd57ec94041249e4022b7e1290ba) Importer(815301076,1909f56bfc062723c751e8b465ee728b)
Start importing Assets/GUI PRO Kit - Fantasy RPG/Preview/50_Ranking.png using Guid(5896cd57ec94041249e4022b7e1290ba) Importer(815301076,1909f56bfc062723c751e8b465ee728b)  -> (artifact id: '06fffe13b9d95379fcc7bc0bea75ceab') in 0.014920 seconds 
========================================================================
Received Import Request.
  Time since last request: 0.000147 seconds.
  path: Assets/GUI PRO Kit - Fantasy RPG/Preview/31_CharacterSelect.png
  artifactKey: Guid(bae9c5b28dabc46c78365791f4219dfb) Importer(815301076,1909f56bfc062723c751e8b465ee728b)
Start importing Assets/GUI PRO Kit - Fantasy RPG/Preview/31_CharacterSelect.png using Guid(bae9c5b28dabc46c78365791f4219dfb) Importer(815301076,1909f56bfc062723c751e8b465ee728b)  -> (artifact id: '5d65cf2d1358c006449b4c0e5e296df5') in 0.021216 seconds 
========================================================================
Received Import Request.
  Time since last request: 0.000115 seconds.
  path: Assets/GUI PRO Kit - Fantasy RPG/Preview/00_3_FunctionIcons.png
  artifactKey: Guid(8321472adf46f4b82bdf49d12cff1900) Importer(815301076,1909f56bfc062723c751e8b465ee728b)
Start importing Assets/GUI PRO Kit - Fantasy RPG/Preview/00_3_FunctionIcons.png using Guid(8321472adf46f4b82bdf49d12cff1900) Importer(815301076,1909f56bfc062723c751e8b465ee728b)  -> (artifact id: '543f36ee31e4b2065ef47d1647f59797') in 0.110912 seconds 
========================================================================
Received Import Request.
  Time since last request: 0.000127 seconds.
  path: Assets/GUI PRO Kit - Fantasy RPG/Preview/14_PopupMessage.png
  artifactKey: Guid(bdf2cbe7f97d446719a48d516627df4c) Importer(815301076,1909f56bfc062723c751e8b465ee728b)
Start importing Assets/GUI PRO Kit - Fantasy RPG/Preview/14_PopupMessage.png using Guid(bdf2cbe7f97d446719a48d516627df4c) Importer(815301076,1909f56bfc062723c751e8b465ee728b)  -> (artifact id: '4bf4bc8c8825eb486d7df2276966a437') in 0.012406 seconds 
========================================================================
Received Import Request.
  Time since last request: 0.000118 seconds.
  path: Assets/GUI PRO Kit - Fantasy RPG/Preview/33_EquipmentDetail2.png
  artifactKey: Guid(7484ffcc9e6ae476abd33a5a95000d8b) Importer(815301076,1909f56bfc062723c751e8b465ee728b)
Start importing Assets/GUI PRO Kit - Fantasy RPG/Preview/33_EquipmentDetail2.png using Guid(7484ffcc9e6ae476abd33a5a95000d8b) Importer(815301076,1909f56bfc062723c751e8b465ee728b)  -> (artifact id: 'f62d1e8ea169d9e37406cc6a624bb2e6') in 0.027652 seconds 
========================================================================
Received Import Request.
  Time since last request: 0.000206 seconds.
  path: Assets/GUI PRO Kit - Fantasy RPG/Preview/64_RewardDaily.png
  artifactKey: Guid(abccabe38939f42b3830da211af58bab) Importer(815301076,1909f56bfc062723c751e8b465ee728b)
Start importing Assets/GUI PRO Kit - Fantasy RPG/Preview/64_RewardDaily.png using Guid(abccabe38939f42b3830da211af58bab) Importer(815301076,1909f56bfc062723c751e8b465ee728b)  -> (artifact id: '6b8a9cb518b867a46201f1b0bd96c43d') in 0.013353 seconds 
========================================================================
Received Import Request.
  Time since last request: 0.000123 seconds.
  path: Assets/GUI PRO Kit - Fantasy RPG/Preview/66_Roulette.png
  artifactKey: Guid(295674167294440d6811179053d34c94) Importer(815301076,1909f56bfc062723c751e8b465ee728b)
Start importing Assets/GUI PRO Kit - Fantasy RPG/Preview/66_Roulette.png using Guid(295674167294440d6811179053d34c94) Importer(815301076,1909f56bfc062723c751e8b465ee728b)  -> (artifact id: 'c3132513596ffa8d015f981a49336f93') in 0.019539 seconds 
========================================================================
Received Import Request.
  Time since last request: 0.000138 seconds.
  path: Assets/GUI PRO Kit - Fantasy RPG/Preview/45_Shop_Gem.png
  artifactKey: Guid(ed95ba80cb18142b8834e2d675dc8f76) Importer(815301076,1909f56bfc062723c751e8b465ee728b)
Start importing Assets/GUI PRO Kit - Fantasy RPG/Preview/45_Shop_Gem.png using Guid(ed95ba80cb18142b8834e2d675dc8f76) Importer(815301076,1909f56bfc062723c751e8b465ee728b)  -> (artifact id: '8d576fec9048ac9331607931df4acc2e') in 0.034704 seconds 
========================================================================
Received Import Request.
  Time since last request: 0.000104 seconds.
  path: Assets/GUI PRO Kit - Fantasy RPG/Preview/03_TitleStart.png
  artifactKey: Guid(a55fb3c0768e249f0b52a465d44dced4) Importer(815301076,1909f56bfc062723c751e8b465ee728b)
Start importing Assets/GUI PRO Kit - Fantasy RPG/Preview/03_TitleStart.png using Guid(a55fb3c0768e249f0b52a465d44dced4) Importer(815301076,1909f56bfc062723c751e8b465ee728b)  -> (artifact id: 'aee3c81f90937738b4538a65fa10988a') in 0.013072 seconds 
========================================================================
Received Import Request.
  Time since last request: 94.990179 seconds.
  path: Assets/Graphics/modeling uv/warrior uv2.fbx
  artifactKey: Guid(d040d37a3791fc846b3cf373bc273961) Importer(815301076,1909f56bfc062723c751e8b465ee728b)
Start importing Assets/Graphics/modeling uv/warrior uv2.fbx using Guid(d040d37a3791fc846b3cf373bc273961) Importer(815301076,1909f56bfc062723c751e8b465ee728b)  -> (artifact id: 'bfb4f42318c0dd7827202ff5565c5b6b') in 0.069745 seconds 
AssetImportWorkerClient::OnTransportError - code=2 error=End of file
